<?xml version="1.0" encoding="UTF-8"?>
<testsuite name="examples.GroovyTests" tests="2" skipped="0" failures="0" errors="0" timestamp="2019-02-27T12:13:14" hostname="didnsrpina6" time="0.029">
  <properties/>
  <testcase name="testFail" classname="examples.GroovyTests" time="0.026"/>
  <testcase name="testPerson" classname="examples.GroovyTests" time="0.003"/>
  <system-out><![CDATA[]]></system-out>
  <system-err><![CDATA[]]></system-err>
</testsuite>
